Product projects
---------------------------------------
C:\Project\RetailShops\RetailShops.Domain.Shared\RetailShops.Domain.Shared.csproj
C:\Project\RetailShops\RetailShops.Domain\RetailShops.Domain.csproj
C:\Project\RetailShops\RetailShops.Infrastructure\RetailShops.Infrastructure.csproj
C:\Project\RetailShops\RetailShops.Data\RetailShops.Data.csproj
C:\Project\RetailShops\RetailShops.Repositories\RetailShops.Repositories.csproj
C:\Project\RetailShops\RetailShops.ServiceExtensions\RetailShops.ServiceExtensions.csproj


Test projects
---------------------------------------
C:\Project\RetailShops\RetailShops.API\RetailShops.API.csproj
C:\Project\RetailShops\RetailShops.Tests\RetailShops.Tests.csproj


Invalid projects
---------------------------------------
{none}


Skipped projects
---------------------------------------
{none}


Excluded projects
---------------------------------------
{none}


